<?xml version="1.0" encoding="UTF-8"?>
<!-- Generated by org.testng.reporters.JUnitReportReporter -->
<testsuite hostname="Admin-PC" failures="0" tests="1" name="demo1GetRequest" time="3.229" errors="0" timestamp="2022-06-07T23:56:45 IST" skipped="0">
  <testcase classname="demo1GetRequest" name="getDetails" time="3.229"/>
  <system-out/>
</testsuite> <!-- demo1GetRequest -->
