<?xml version="1.0" encoding="UTF-8"?>
<!-- Generated by org.testng.reporters.JUnitReportReporter -->
<testsuite hostname="Admin-PC" failures="0" tests="1" name="demo2GetRequest" time="2.034" errors="0" timestamp="2022-06-07T17:17:49 IST" skipped="0">
  <testcase classname="demo2GetRequest" name="getRequest" time="2.034"/>
  <system-out/>
</testsuite> <!-- demo2GetRequest -->
