<?xml version="1.0" encoding="UTF-8"?>
<!-- Generated by org.testng.reporters.JUnitReportReporter -->
<testsuite hostname="Admin-PC" failures="0" tests="1" name="demo4PostRequest1" time="2.133" errors="0" timestamp="2022-06-07T23:40:47 IST" skipped="0">
  <testcase classname="demo4PostRequest1" name="m1" time="2.133"/>
  <system-out/>
</testsuite> <!-- demo4PostRequest1 -->
