<?xml version="1.0" encoding="UTF-8"?>
<!-- Generated by org.testng.reporters.JUnitReportReporter -->
<testsuite hostname="Admin-PC" failures="0" tests="1" name="demo3PostRequest" time="2.143" errors="0" timestamp="2022-06-07T18:01:58 IST" skipped="0">
  <testcase classname="demo3PostRequest" name="m1" time="2.143"/>
  <system-out/>
</testsuite> <!-- demo3PostRequest -->
